<?xml version="1.0" encoding="UTF-8"?>
<testsuite xmlns:xsi="http://www.w3.org/2001/XMLSchema-instance" xsi:noNamespaceSchemaLocation="https://maven.apache.org/surefire/maven-surefire-plugin/xsd/surefire-test-report.xsd" name="swiggyApp.assignment.SwiggyApp_Assignment_Project001" time="72.938" tests="4" errors="2" skipped="0" failures="0">
  <properties>
[...]
</properties>
  <testcase name="AfindProductBurger" classname="swiggyApp.assignment.SwiggyApp_Assignment_Project001" time="6.584"/>
  <testcase name="BfindBurgerKing" classname="swiggyApp.assignment.SwiggyApp_Assignment_Project001" time="2.155"/>
  <testcase name="CfindChooseBurger" classname="swiggyApp.assignment.SwiggyApp_Assignment_Project001" time="20.907">
    <error message="An element could not be located on the page using the given search parameters.&#10;For documentation on this error, please visit: https://www.seleniumhq.org/exceptions/no_such_element.html&#10;Build info: version: &apos;3.141.59&apos;, revision: &apos;e82be7d358&apos;, time: &apos;2018-11-14T08:17:03&apos;&#10;System info: host: &apos;CDWILT004&apos;, ip: &apos;172.31.224.1&apos;, os.name: &apos;Windows 10&apos;, os.arch: &apos;amd64&apos;, os.version: &apos;10.0&apos;, java.version: &apos;17.0.1&apos;&#10;Driver info: io.appium.java_client.android.AndroidDriver&#10;Capabilities {appActivity: .activities.HomeActivity, appPackage: in.swiggy.android, automationName: uiautomator2, databaseEnabled: false, desired: {appActivity: .activities.HomeActivity, appPackage: in.swiggy.android, automationName: uiautomator2, newCommandTimeout: 300, noReset: true, platformName: android, platformVersion: 9, skipDeviceInitialization: true, udid: DQSCRWA6JZY9UWNV}, deviceApiLevel: 28, deviceManufacturer: vivo, deviceModel: V1913A, deviceName: DQSCRWA6JZY9UWNV, deviceScreenDensity: 480, deviceScreenSize: 1080x2340, deviceUDID: DQSCRWA6JZY9UWNV, javascriptEnabled: true, locationContextEnabled: false, networkConnectionEnabled: true, newCommandTimeout: 300, noReset: true, pixelRatio: 3, platform: LINUX, platformName: Android, platformVersion: 9, skipDeviceInitialization: true, statBarHeight: 84, takesScreenshot: true, udid: DQSCRWA6JZY9UWNV, viewportRect: {height: 2057, left: 0, top: 84, width: 1080}, warnings: {}, webStorageEnabled: false}&#10;Session ID: edd6c677-8313-4cc8-8c25-eeeffe89a0fd&#10;*** Element info: {Using=xpath, value=//android.widget.TextView[@text=&apos;Veg Crunchy Volcano&apos;]}" type="org.openqa.selenium.NoSuchElementException">org.openqa.selenium.NoSuchElementException: 
An element could not be located on the page using the given search parameters.
For documentation on this error, please visit: https://www.seleniumhq.org/exceptions/no_such_element.html
Build info: version: '3.141.59', revision: 'e82be7d358', time: '2018-11-14T08:17:03'
System info: host: 'CDWILT004', ip: '172.31.224.1', os.name: 'Windows 10', os.arch: 'amd64', os.version: '10.0', java.version: '17.0.1'
Driver info: io.appium.java_client.android.AndroidDriver
Capabilities {appActivity: .activities.HomeActivity, appPackage: in.swiggy.android, automationName: uiautomator2, databaseEnabled: false, desired: {appActivity: .activities.HomeActivity, appPackage: in.swiggy.android, automationName: uiautomator2, newCommandTimeout: 300, noReset: true, platformName: android, platformVersion: 9, skipDeviceInitialization: true, udid: DQSCRWA6JZY9UWNV}, deviceApiLevel: 28, deviceManufacturer: vivo, deviceModel: V1913A, deviceName: DQSCRWA6JZY9UWNV, deviceScreenDensity: 480, deviceScreenSize: 1080x2340, deviceUDID: DQSCRWA6JZY9UWNV, javascriptEnabled: true, locationContextEnabled: false, networkConnectionEnabled: true, newCommandTimeout: 300, noReset: true, pixelRatio: 3, platform: LINUX, platformName: Android, platformVersion: 9, skipDeviceInitialization: true, statBarHeight: 84, takesScreenshot: true, udid: DQSCRWA6JZY9UWNV, viewportRect: {height: 2057, left: 0, top: 84, width: 1080}, warnings: {}, webStorageEnabled: false}
Session ID: edd6c677-8313-4cc8-8c25-eeeffe89a0fd
*** Element info: {Using=xpath, value=//android.widget.TextView[@text='Veg Crunchy Volcano']}
	at swiggyApp.assignment.SwiggyApp_Assignment_Project001.CfindChooseBurger(SwiggyApp_Assignment_Project001.java:133)
</error>
    <system-out><![CDATA[Setup @Before!
 ----- Choose Burger ----- 
2141
1080
*** ScrollUp : 1
2141
1080
*** ScrollUp : 2
TearDown @After!
]]></system-out>
  </testcase>
  <testcase name="DfindCheckoutAmount" classname="swiggyApp.assignment.SwiggyApp_Assignment_Project001" time="15.139">
    <error message="An element could not be located on the page using the given search parameters.&#10;For documentation on this error, please visit: https://www.seleniumhq.org/exceptions/no_such_element.html&#10;Build info: version: &apos;3.141.59&apos;, revision: &apos;e82be7d358&apos;, time: &apos;2018-11-14T08:17:03&apos;&#10;System info: host: &apos;CDWILT004&apos;, ip: &apos;172.31.224.1&apos;, os.name: &apos;Windows 10&apos;, os.arch: &apos;amd64&apos;, os.version: &apos;10.0&apos;, java.version: &apos;17.0.1&apos;&#10;Driver info: io.appium.java_client.android.AndroidDriver&#10;Capabilities {appActivity: .activities.HomeActivity, appPackage: in.swiggy.android, automationName: uiautomator2, databaseEnabled: false, desired: {appActivity: .activities.HomeActivity, appPackage: in.swiggy.android, automationName: uiautomator2, newCommandTimeout: 300, noReset: true, platformName: android, platformVersion: 9, skipDeviceInitialization: true, udid: DQSCRWA6JZY9UWNV}, deviceApiLevel: 28, deviceManufacturer: vivo, deviceModel: V1913A, deviceName: DQSCRWA6JZY9UWNV, deviceScreenDensity: 480, deviceScreenSize: 1080x2340, deviceUDID: DQSCRWA6JZY9UWNV, javascriptEnabled: true, locationContextEnabled: false, networkConnectionEnabled: true, newCommandTimeout: 300, noReset: true, pixelRatio: 3, platform: LINUX, platformName: Android, platformVersion: 9, skipDeviceInitialization: true, statBarHeight: 84, takesScreenshot: true, udid: DQSCRWA6JZY9UWNV, viewportRect: {height: 2057, left: 0, top: 84, width: 1080}, warnings: {}, webStorageEnabled: false}&#10;Session ID: edd6c677-8313-4cc8-8c25-eeeffe89a0fd&#10;*** Element info: {Using=id, value=in.swiggy.android:id/tv_checkout}" type="org.openqa.selenium.NoSuchElementException">org.openqa.selenium.NoSuchElementException: 
An element could not be located on the page using the given search parameters.
For documentation on this error, please visit: https://www.seleniumhq.org/exceptions/no_such_element.html
Build info: version: '3.141.59', revision: 'e82be7d358', time: '2018-11-14T08:17:03'
System info: host: 'CDWILT004', ip: '172.31.224.1', os.name: 'Windows 10', os.arch: 'amd64', os.version: '10.0', java.version: '17.0.1'
Driver info: io.appium.java_client.android.AndroidDriver
Capabilities {appActivity: .activities.HomeActivity, appPackage: in.swiggy.android, automationName: uiautomator2, databaseEnabled: false, desired: {appActivity: .activities.HomeActivity, appPackage: in.swiggy.android, automationName: uiautomator2, newCommandTimeout: 300, noReset: true, platformName: android, platformVersion: 9, skipDeviceInitialization: true, udid: DQSCRWA6JZY9UWNV}, deviceApiLevel: 28, deviceManufacturer: vivo, deviceModel: V1913A, deviceName: DQSCRWA6JZY9UWNV, deviceScreenDensity: 480, deviceScreenSize: 1080x2340, deviceUDID: DQSCRWA6JZY9UWNV, javascriptEnabled: true, locationContextEnabled: false, networkConnectionEnabled: true, newCommandTimeout: 300, noReset: true, pixelRatio: 3, platform: LINUX, platformName: Android, platformVersion: 9, skipDeviceInitialization: true, statBarHeight: 84, takesScreenshot: true, udid: DQSCRWA6JZY9UWNV, viewportRect: {height: 2057, left: 0, top: 84, width: 1080}, warnings: {}, webStorageEnabled: false}
Session ID: edd6c677-8313-4cc8-8c25-eeeffe89a0fd
*** Element info: {Using=id, value=in.swiggy.android:id/tv_checkout}
	at swiggyApp.assignment.SwiggyApp_Assignment_Project001.DfindCheckoutAmount(SwiggyApp_Assignment_Project001.java:152)
</error>
    <system-out><![CDATA[Setup @Before!
7 - Go to Checkout
TearDown @After!
]]></system-out>
  </testcase>
</testsuite>